/bin/bash
/home/chao/.npm-global/bin:/home/chao/.gem/ruby/2.7.0/bin:/home/chao/.deno/bin:/bin:/home/chao/.local/bin:/home/chao/bin:/usr/local/sbin:/usr/local/bin:/usr/sbin:/usr/bin:/sbin:/bin:/usr/games:/usr/local/games:/snap/bin
which screen
/bin/screen
in listen
Started screen session: 0
in listen
in listen
in create_and_read_host_pipe.sh
Create pipe for shell commands from dev container to execute
wait for shell commands from dev container to execute
in listen
in listen
in listen
in create_and_read_host_pipe.sh
Create pipe for shell commands from dev container to execute
wait for shell commands from dev container to execute
in create_and_read_host_pipe.sh
Create pipe for shell commands from dev container to execute
wait for shell commands from dev container to execute
in create_and_read_host_pipe.sh
Create pipe for shell commands from dev container to execute
wait for shell commands from dev container to execute
in create_and_read_host_pipe.sh
Create pipe for shell commands from dev container to execute
wait for shell commands from dev container to execute
in create_and_read_host_pipe.sh
Create pipe for shell commands from dev container to execute
wait for shell commands from dev container to execute
in create_and_read_host_pipe.sh
Create pipe for shell commands from dev container to execute
wait for shell commands from dev container to execute
in create_and_read_host_pipe.sh
Create pipe for shell commands from dev container to execute
wait for shell commands from dev container to execute
in create_and_read_host_pipe.sh
Create pipe for shell commands from dev container to execute
wait for shell commands from dev container to execute
in listen
in create_and_read_host_pipe.sh
Create pipe for shell commands from dev container to execute
wait for shell commands from dev container to execute
in listen
in create_and_read_host_pipe.sh
Create pipe for shell commands from dev container to execute
wait for shell commands from dev container to execute
in listen
in listen
in create_and_read_host_pipe.sh
Create pipe for shell commands from dev container to execute
wait for shell commands from dev container to execute
in listen
in listen
in listen
in listen
in create_and_read_host_pipe.sh
Create pipe for shell commands from dev container to execute
wait for shell commands from dev container to execute
in listen
in listen
in create_and_read_host_pipe.sh
Create pipe for shell commands from dev container to execute
wait for shell commands from dev container to execute
in listen
in create_and_read_host_pipe.sh
Create pipe for shell commands from dev container to execute
wait for shell commands from dev container to execute
in listen
in listen
in create_and_read_host_pipe.sh
Create pipe for shell commands from dev container to execute
wait for shell commands from dev container to execute
in listen
in create_and_read_host_pipe.sh
Create pipe for shell commands from dev container to execute
wait for shell commands from dev container to execute
in listen
in create_and_read_host_pipe.sh
Create pipe for shell commands from dev container to execute
wait for shell commands from dev container to execute
